2026-06-25 12:16:36.134 | SERVIDOR | INICIADO | porta=5000
2026-06-25 12:16:58.068 | CONEXAO | ACEITA  | origem=127.0.0.1:54292
2026-06-25 12:16:58.069 | RECEBIDA | REQUEST | processo=1
2026-06-25 12:16:58.070 | CONEXAO | ACEITA  | origem=127.0.0.1:54294
2026-06-25 12:16:58.072 | ENVIADA  | GRANT   | processo=1
2026-06-25 12:16:58.072 | RECEBIDA | REQUEST | processo=4
2026-06-25 12:16:58.072 | CONEXAO | ACEITA  | origem=127.0.0.1:54304
2026-06-25 12:16:58.073 | RECEBIDA | REQUEST | processo=3
2026-06-25 12:16:58.073 | CONEXAO | ACEITA  | origem=127.0.0.1:54318
2026-06-25 12:16:58.075 | RECEBIDA | REQUEST | processo=2
2026-06-25 12:16:58.077 | CONEXAO | ACEITA  | origem=127.0.0.1:54324
2026-06-25 12:16:58.079 | RECEBIDA | REQUEST | processo=13
2026-06-25 12:16:58.095 | CONEXAO | ACEITA  | origem=127.0.0.1:54338
2026-06-25 12:16:58.096 | RECEBIDA | REQUEST | processo=9
2026-06-25 12:16:58.096 | CONEXAO | ACEITA  | origem=127.0.0.1:54342
2026-06-25 12:16:58.096 | RECEBIDA | REQUEST | processo=5
2026-06-25 12:16:58.097 | CONEXAO | ACEITA  | origem=127.0.0.1:54356
2026-06-25 12:16:58.097 | RECEBIDA | REQUEST | processo=11
2026-06-25 12:16:58.097 | CONEXAO | ACEITA  | origem=127.0.0.1:54368
2026-06-25 12:16:58.097 | RECEBIDA | REQUEST | processo=8
2026-06-25 12:16:58.100 | CONEXAO | ACEITA  | origem=127.0.0.1:54374
2026-06-25 12:16:58.100 | RECEBIDA | REQUEST | processo=7
2026-06-25 12:16:58.100 | CONEXAO | ACEITA  | origem=127.0.0.1:54376
2026-06-25 12:16:58.101 | RECEBIDA | REQUEST | processo=10
2026-06-25 12:16:58.103 | CONEXAO | ACEITA  | origem=127.0.0.1:54380
2026-06-25 12:16:58.103 | RECEBIDA | REQUEST | processo=17
2026-06-25 12:16:58.105 | CONEXAO | ACEITA  | origem=127.0.0.1:54396
2026-06-25 12:16:58.105 | RECEBIDA | REQUEST | processo=14
2026-06-25 12:16:58.105 | CONEXAO | ACEITA  | origem=127.0.0.1:54410
2026-06-25 12:16:58.105 | RECEBIDA | REQUEST | processo=19
2026-06-25 12:16:58.106 | CONEXAO | ACEITA  | origem=127.0.0.1:54424
2026-06-25 12:16:58.106 | RECEBIDA | REQUEST | processo=18
2026-06-25 12:16:58.108 | CONEXAO | ACEITA  | origem=127.0.0.1:54438
2026-06-25 12:16:58.108 | RECEBIDA | REQUEST | processo=12
2026-06-25 12:16:58.114 | CONEXAO | ACEITA  | origem=127.0.0.1:54446
2026-06-25 12:16:58.114 | RECEBIDA | REQUEST | processo=20
2026-06-25 12:16:58.116 | CONEXAO | ACEITA  | origem=127.0.0.1:54462
2026-06-25 12:16:58.117 | RECEBIDA | REQUEST | processo=6
2026-06-25 12:16:58.118 | CONEXAO | ACEITA  | origem=127.0.0.1:54476
2026-06-25 12:16:58.118 | RECEBIDA | REQUEST | processo=15
2026-06-25 12:16:58.121 | CONEXAO | ACEITA  | origem=127.0.0.1:54484
2026-06-25 12:16:58.121 | RECEBIDA | REQUEST | processo=16
2026-06-25 12:16:58.573 | RECEBIDA | RELEASE | processo=1
2026-06-25 12:16:58.573 | ENVIADA  | GRANT   | processo=4
2026-06-25 12:16:58.614 | RECEBIDA | REQUEST | processo=1
2026-06-25 12:16:59.074 | RECEBIDA | RELEASE | processo=4
2026-06-25 12:16:59.074 | RECEBIDA | REQUEST | processo=4
2026-06-25 12:16:59.074 | ENVIADA  | GRANT   | processo=3
2026-06-25 12:16:59.574 | RECEBIDA | RELEASE | processo=3
2026-06-25 12:16:59.574 | RECEBIDA | REQUEST | processo=3
2026-06-25 12:16:59.574 | ENVIADA  | GRANT   | processo=2
2026-06-25 12:17:00.075 | RECEBIDA | RELEASE | processo=2
2026-06-25 12:17:00.075 | RECEBIDA | REQUEST | processo=2
2026-06-25 12:17:00.075 | ENVIADA  | GRANT   | processo=13
2026-06-25 12:17:00.575 | RECEBIDA | RELEASE | processo=13
2026-06-25 12:17:00.575 | RECEBIDA | REQUEST | processo=13
2026-06-25 12:17:00.575 | ENVIADA  | GRANT   | processo=9
2026-06-25 12:17:01.076 | RECEBIDA | RELEASE | processo=9
2026-06-25 12:17:01.076 | RECEBIDA | REQUEST | processo=9
2026-06-25 12:17:01.076 | ENVIADA  | GRANT   | processo=5
2026-06-25 12:17:01.576 | RECEBIDA | RELEASE | processo=5
2026-06-25 12:17:01.576 | RECEBIDA | REQUEST | processo=5
2026-06-25 12:17:01.577 | ENVIADA  | GRANT   | processo=11
2026-06-25 12:17:02.077 | RECEBIDA | RELEASE | processo=11
2026-06-25 12:17:02.077 | RECEBIDA | REQUEST | processo=11
2026-06-25 12:17:02.077 | ENVIADA  | GRANT   | processo=8
2026-06-25 12:17:02.577 | RECEBIDA | RELEASE | processo=8
2026-06-25 12:17:02.577 | RECEBIDA | REQUEST | processo=8
2026-06-25 12:17:02.577 | ENVIADA  | GRANT   | processo=7
2026-06-25 12:17:03.078 | RECEBIDA | RELEASE | processo=7
2026-06-25 12:17:03.078 | RECEBIDA | REQUEST | processo=7
2026-06-25 12:17:03.078 | ENVIADA  | GRANT   | processo=10
2026-06-25 12:17:03.578 | RECEBIDA | RELEASE | processo=10
2026-06-25 12:17:03.578 | RECEBIDA | REQUEST | processo=10
2026-06-25 12:17:03.578 | ENVIADA  | GRANT   | processo=17
2026-06-25 12:17:04.079 | RECEBIDA | RELEASE | processo=17
2026-06-25 12:17:04.079 | RECEBIDA | REQUEST | processo=17
2026-06-25 12:17:04.079 | ENVIADA  | GRANT   | processo=14
2026-06-25 12:17:04.579 | RECEBIDA | RELEASE | processo=14
2026-06-25 12:17:04.579 | RECEBIDA | REQUEST | processo=14
2026-06-25 12:17:04.579 | ENVIADA  | GRANT   | processo=19
2026-06-25 12:17:05.079 | RECEBIDA | RELEASE | processo=19
2026-06-25 12:17:05.080 | RECEBIDA | REQUEST | processo=19
2026-06-25 12:17:05.080 | ENVIADA  | GRANT   | processo=18
2026-06-25 12:17:05.580 | RECEBIDA | RELEASE | processo=18
2026-06-25 12:17:05.580 | RECEBIDA | REQUEST | processo=18
2026-06-25 12:17:05.580 | ENVIADA  | GRANT   | processo=12
2026-06-25 12:17:06.080 | RECEBIDA | RELEASE | processo=12
2026-06-25 12:17:06.080 | RECEBIDA | REQUEST | processo=12
2026-06-25 12:17:06.080 | ENVIADA  | GRANT   | processo=20
2026-06-25 12:17:06.581 | RECEBIDA | RELEASE | processo=20
2026-06-25 12:17:06.581 | RECEBIDA | REQUEST | processo=20
2026-06-25 12:17:06.581 | ENVIADA  | GRANT   | processo=6
2026-06-25 12:17:07.081 | RECEBIDA | RELEASE | processo=6
2026-06-25 12:17:07.081 | RECEBIDA | REQUEST | processo=6
2026-06-25 12:17:07.081 | ENVIADA  | GRANT   | processo=15
2026-06-25 12:17:07.581 | RECEBIDA | RELEASE | processo=15
2026-06-25 12:17:07.582 | RECEBIDA | REQUEST | processo=15
2026-06-25 12:17:07.582 | ENVIADA  | GRANT   | processo=16
2026-06-25 12:17:08.082 | RECEBIDA | RELEASE | processo=16
2026-06-25 12:17:08.082 | RECEBIDA | REQUEST | processo=16
2026-06-25 12:17:08.082 | ENVIADA  | GRANT   | processo=1
2026-06-25 12:17:08.582 | RECEBIDA | RELEASE | processo=1
2026-06-25 12:17:08.582 | RECEBIDA | REQUEST | processo=1
2026-06-25 12:17:08.582 | ENVIADA  | GRANT   | processo=4
2026-06-25 12:17:09.083 | RECEBIDA | RELEASE | processo=4
2026-06-25 12:17:09.083 | RECEBIDA | REQUEST | processo=4
2026-06-25 12:17:09.083 | ENVIADA  | GRANT   | processo=3
2026-06-25 12:17:09.584 | RECEBIDA | RELEASE | processo=3
2026-06-25 12:17:09.584 | RECEBIDA | REQUEST | processo=3
2026-06-25 12:17:09.584 | ENVIADA  | GRANT   | processo=2
2026-06-25 12:17:10.084 | RECEBIDA | RELEASE | processo=2
2026-06-25 12:17:10.084 | RECEBIDA | REQUEST | processo=2
2026-06-25 12:17:10.084 | ENVIADA  | GRANT   | processo=13
2026-06-25 12:17:10.584 | RECEBIDA | RELEASE | processo=13
2026-06-25 12:17:10.584 | RECEBIDA | REQUEST | processo=13
2026-06-25 12:17:10.585 | ENVIADA  | GRANT   | processo=9
2026-06-25 12:17:11.085 | RECEBIDA | RELEASE | processo=9
2026-06-25 12:17:11.085 | RECEBIDA | REQUEST | processo=9
2026-06-25 12:17:11.085 | ENVIADA  | GRANT   | processo=5
2026-06-25 12:17:11.585 | RECEBIDA | RELEASE | processo=5
2026-06-25 12:17:11.585 | RECEBIDA | REQUEST | processo=5
2026-06-25 12:17:11.585 | ENVIADA  | GRANT   | processo=11
2026-06-25 12:17:12.086 | RECEBIDA | RELEASE | processo=11
2026-06-25 12:17:12.086 | RECEBIDA | REQUEST | processo=11
2026-06-25 12:17:12.086 | ENVIADA  | GRANT   | processo=8
2026-06-25 12:17:12.586 | RECEBIDA | RELEASE | processo=8
2026-06-25 12:17:12.586 | RECEBIDA | REQUEST | processo=8
2026-06-25 12:17:12.586 | ENVIADA  | GRANT   | processo=7
2026-06-25 12:17:13.087 | RECEBIDA | RELEASE | processo=7
2026-06-25 12:17:13.087 | RECEBIDA | REQUEST | processo=7
2026-06-25 12:17:13.087 | ENVIADA  | GRANT   | processo=10
2026-06-25 12:17:13.587 | RECEBIDA | RELEASE | processo=10
2026-06-25 12:17:13.587 | RECEBIDA | REQUEST | processo=10
2026-06-25 12:17:13.587 | ENVIADA  | GRANT   | processo=17
2026-06-25 12:17:14.087 | RECEBIDA | RELEASE | processo=17
2026-06-25 12:17:14.087 | RECEBIDA | REQUEST | processo=17
2026-06-25 12:17:14.088 | ENVIADA  | GRANT   | processo=14
2026-06-25 12:17:14.588 | RECEBIDA | RELEASE | processo=14
2026-06-25 12:17:14.588 | RECEBIDA | REQUEST | processo=14
2026-06-25 12:17:14.588 | ENVIADA  | GRANT   | processo=19
2026-06-25 12:17:15.088 | RECEBIDA | RELEASE | processo=19
2026-06-25 12:17:15.088 | RECEBIDA | REQUEST | processo=19
2026-06-25 12:17:15.088 | ENVIADA  | GRANT   | processo=18
2026-06-25 12:17:15.589 | RECEBIDA | RELEASE | processo=18
2026-06-25 12:17:15.589 | RECEBIDA | REQUEST | processo=18
2026-06-25 12:17:15.589 | ENVIADA  | GRANT   | processo=12
2026-06-25 12:17:16.089 | RECEBIDA | RELEASE | processo=12
2026-06-25 12:17:16.089 | RECEBIDA | REQUEST | processo=12
2026-06-25 12:17:16.089 | ENVIADA  | GRANT   | processo=20
2026-06-25 12:17:16.589 | RECEBIDA | RELEASE | processo=20
2026-06-25 12:17:16.589 | RECEBIDA | REQUEST | processo=20
2026-06-25 12:17:16.589 | ENVIADA  | GRANT   | processo=6
2026-06-25 12:17:17.090 | RECEBIDA | RELEASE | processo=6
2026-06-25 12:17:17.090 | RECEBIDA | REQUEST | processo=6
2026-06-25 12:17:17.090 | ENVIADA  | GRANT   | processo=15
2026-06-25 12:17:17.590 | RECEBIDA | RELEASE | processo=15
2026-06-25 12:17:17.590 | RECEBIDA | REQUEST | processo=15
2026-06-25 12:17:17.590 | ENVIADA  | GRANT   | processo=16
2026-06-25 12:17:18.090 | RECEBIDA | RELEASE | processo=16
2026-06-25 12:17:18.090 | RECEBIDA | REQUEST | processo=16
2026-06-25 12:17:18.090 | ENVIADA  | GRANT   | processo=1
2026-06-25 12:17:18.591 | RECEBIDA | RELEASE | processo=1
2026-06-25 12:17:18.591 | RECEBIDA | REQUEST | processo=1
2026-06-25 12:17:18.591 | ENVIADA  | GRANT   | processo=4
2026-06-25 12:17:19.091 | RECEBIDA | RELEASE | processo=4
2026-06-25 12:17:19.091 | RECEBIDA | REQUEST | processo=4
2026-06-25 12:17:19.091 | ENVIADA  | GRANT   | processo=3
2026-06-25 12:17:19.591 | RECEBIDA | RELEASE | processo=3
2026-06-25 12:17:19.591 | RECEBIDA | REQUEST | processo=3
2026-06-25 12:17:19.591 | ENVIADA  | GRANT   | processo=2
2026-06-25 12:17:20.092 | RECEBIDA | RELEASE | processo=2
2026-06-25 12:17:20.092 | RECEBIDA | REQUEST | processo=2
2026-06-25 12:17:20.092 | ENVIADA  | GRANT   | processo=13
2026-06-25 12:17:20.592 | RECEBIDA | RELEASE | processo=13
2026-06-25 12:17:20.592 | RECEBIDA | REQUEST | processo=13
2026-06-25 12:17:20.592 | ENVIADA  | GRANT   | processo=9
2026-06-25 12:17:21.092 | RECEBIDA | RELEASE | processo=9
2026-06-25 12:17:21.092 | RECEBIDA | REQUEST | processo=9
2026-06-25 12:17:21.093 | ENVIADA  | GRANT   | processo=5
2026-06-25 12:17:21.593 | RECEBIDA | RELEASE | processo=5
2026-06-25 12:17:21.593 | RECEBIDA | REQUEST | processo=5
2026-06-25 12:17:21.593 | ENVIADA  | GRANT   | processo=11
2026-06-25 12:17:22.093 | RECEBIDA | RELEASE | processo=11
2026-06-25 12:17:22.093 | RECEBIDA | REQUEST | processo=11
2026-06-25 12:17:22.093 | ENVIADA  | GRANT   | processo=8
2026-06-25 12:17:22.594 | RECEBIDA | RELEASE | processo=8
2026-06-25 12:17:22.594 | RECEBIDA | REQUEST | processo=8
2026-06-25 12:17:22.594 | ENVIADA  | GRANT   | processo=7
2026-06-25 12:17:23.094 | RECEBIDA | RELEASE | processo=7
2026-06-25 12:17:23.094 | RECEBIDA | REQUEST | processo=7
2026-06-25 12:17:23.094 | ENVIADA  | GRANT   | processo=10
2026-06-25 12:17:23.594 | RECEBIDA | RELEASE | processo=10
2026-06-25 12:17:23.594 | RECEBIDA | REQUEST | processo=10
2026-06-25 12:17:23.594 | ENVIADA  | GRANT   | processo=17
2026-06-25 12:17:24.095 | RECEBIDA | RELEASE | processo=17
2026-06-25 12:17:24.095 | RECEBIDA | REQUEST | processo=17
2026-06-25 12:17:24.095 | ENVIADA  | GRANT   | processo=14
2026-06-25 12:17:24.595 | RECEBIDA | RELEASE | processo=14
2026-06-25 12:17:24.595 | RECEBIDA | REQUEST | processo=14
2026-06-25 12:17:24.595 | ENVIADA  | GRANT   | processo=19
2026-06-25 12:17:25.095 | RECEBIDA | RELEASE | processo=19
2026-06-25 12:17:25.095 | RECEBIDA | REQUEST | processo=19
2026-06-25 12:17:25.095 | ENVIADA  | GRANT   | processo=18
2026-06-25 12:17:25.596 | RECEBIDA | RELEASE | processo=18
2026-06-25 12:17:25.596 | RECEBIDA | REQUEST | processo=18
2026-06-25 12:17:25.596 | ENVIADA  | GRANT   | processo=12
2026-06-25 12:17:26.096 | RECEBIDA | RELEASE | processo=12
2026-06-25 12:17:26.096 | RECEBIDA | REQUEST | processo=12
2026-06-25 12:17:26.096 | ENVIADA  | GRANT   | processo=20
2026-06-25 12:17:26.597 | RECEBIDA | RELEASE | processo=20
2026-06-25 12:17:26.597 | RECEBIDA | REQUEST | processo=20
2026-06-25 12:17:26.597 | ENVIADA  | GRANT   | processo=6
2026-06-25 12:17:27.097 | RECEBIDA | RELEASE | processo=6
2026-06-25 12:17:27.097 | RECEBIDA | REQUEST | processo=6
2026-06-25 12:17:27.097 | ENVIADA  | GRANT   | processo=15
2026-06-25 12:17:27.597 | RECEBIDA | RELEASE | processo=15
2026-06-25 12:17:27.597 | RECEBIDA | REQUEST | processo=15
2026-06-25 12:17:27.597 | ENVIADA  | GRANT   | processo=16
2026-06-25 12:17:28.098 | RECEBIDA | RELEASE | processo=16
2026-06-25 12:17:28.098 | RECEBIDA | REQUEST | processo=16
2026-06-25 12:17:28.098 | ENVIADA  | GRANT   | processo=1
2026-06-25 12:17:28.598 | RECEBIDA | RELEASE | processo=1
2026-06-25 12:17:28.598 | RECEBIDA | REQUEST | processo=1
2026-06-25 12:17:28.598 | ENVIADA  | GRANT   | processo=4
2026-06-25 12:17:29.098 | RECEBIDA | RELEASE | processo=4
2026-06-25 12:17:29.098 | RECEBIDA | REQUEST | processo=4
2026-06-25 12:17:29.098 | ENVIADA  | GRANT   | processo=3
2026-06-25 12:17:29.599 | RECEBIDA | RELEASE | processo=3
2026-06-25 12:17:29.599 | RECEBIDA | REQUEST | processo=3
2026-06-25 12:17:29.599 | ENVIADA  | GRANT   | processo=2
2026-06-25 12:17:30.099 | RECEBIDA | RELEASE | processo=2
2026-06-25 12:17:30.099 | RECEBIDA | REQUEST | processo=2
2026-06-25 12:17:30.099 | ENVIADA  | GRANT   | processo=13
2026-06-25 12:17:30.600 | RECEBIDA | RELEASE | processo=13
2026-06-25 12:17:30.600 | RECEBIDA | REQUEST | processo=13
2026-06-25 12:17:30.600 | ENVIADA  | GRANT   | processo=9
2026-06-25 12:17:31.100 | RECEBIDA | RELEASE | processo=9
2026-06-25 12:17:31.100 | RECEBIDA | REQUEST | processo=9
2026-06-25 12:17:31.100 | ENVIADA  | GRANT   | processo=5
2026-06-25 12:17:31.600 | RECEBIDA | RELEASE | processo=5
2026-06-25 12:17:31.600 | RECEBIDA | REQUEST | processo=5
2026-06-25 12:17:31.601 | ENVIADA  | GRANT   | processo=11
2026-06-25 12:17:32.101 | RECEBIDA | RELEASE | processo=11
2026-06-25 12:17:32.101 | RECEBIDA | REQUEST | processo=11
2026-06-25 12:17:32.101 | ENVIADA  | GRANT   | processo=8
2026-06-25 12:17:32.601 | RECEBIDA | RELEASE | processo=8
2026-06-25 12:17:32.601 | RECEBIDA | REQUEST | processo=8
2026-06-25 12:17:32.601 | ENVIADA  | GRANT   | processo=7
2026-06-25 12:17:33.102 | RECEBIDA | RELEASE | processo=7
2026-06-25 12:17:33.102 | RECEBIDA | REQUEST | processo=7
2026-06-25 12:17:33.102 | ENVIADA  | GRANT   | processo=10
2026-06-25 12:17:33.602 | RECEBIDA | RELEASE | processo=10
2026-06-25 12:17:33.602 | RECEBIDA | REQUEST | processo=10
2026-06-25 12:17:33.602 | ENVIADA  | GRANT   | processo=17
2026-06-25 12:17:34.102 | RECEBIDA | RELEASE | processo=17
2026-06-25 12:17:34.102 | RECEBIDA | REQUEST | processo=17
2026-06-25 12:17:34.102 | ENVIADA  | GRANT   | processo=14
2026-06-25 12:17:34.603 | RECEBIDA | RELEASE | processo=14
2026-06-25 12:17:34.603 | RECEBIDA | REQUEST | processo=14
2026-06-25 12:17:34.603 | ENVIADA  | GRANT   | processo=19
2026-06-25 12:17:35.103 | RECEBIDA | RELEASE | processo=19
2026-06-25 12:17:35.103 | RECEBIDA | REQUEST | processo=19
2026-06-25 12:17:35.103 | ENVIADA  | GRANT   | processo=18
2026-06-25 12:17:35.603 | RECEBIDA | RELEASE | processo=18
2026-06-25 12:17:35.604 | RECEBIDA | REQUEST | processo=18
2026-06-25 12:17:35.604 | ENVIADA  | GRANT   | processo=12
2026-06-25 12:17:36.104 | RECEBIDA | RELEASE | processo=12
2026-06-25 12:17:36.104 | RECEBIDA | REQUEST | processo=12
2026-06-25 12:17:36.104 | ENVIADA  | GRANT   | processo=20
2026-06-25 12:17:36.604 | RECEBIDA | RELEASE | processo=20
2026-06-25 12:17:36.604 | RECEBIDA | REQUEST | processo=20
2026-06-25 12:17:36.604 | ENVIADA  | GRANT   | processo=6
2026-06-25 12:17:37.104 | RECEBIDA | RELEASE | processo=6
2026-06-25 12:17:37.105 | RECEBIDA | REQUEST | processo=6
2026-06-25 12:17:37.105 | ENVIADA  | GRANT   | processo=15
2026-06-25 12:17:37.605 | RECEBIDA | RELEASE | processo=15
2026-06-25 12:17:37.605 | RECEBIDA | REQUEST | processo=15
2026-06-25 12:17:37.605 | ENVIADA  | GRANT   | processo=16
2026-06-25 12:17:38.105 | RECEBIDA | RELEASE | processo=16
2026-06-25 12:17:38.105 | RECEBIDA | REQUEST | processo=16
2026-06-25 12:17:38.105 | ENVIADA  | GRANT   | processo=1
2026-06-25 12:17:38.606 | RECEBIDA | RELEASE | processo=1
2026-06-25 12:17:38.606 | RECEBIDA | REQUEST | processo=1
2026-06-25 12:17:38.606 | ENVIADA  | GRANT   | processo=4
2026-06-25 12:17:39.106 | RECEBIDA | RELEASE | processo=4
2026-06-25 12:17:39.106 | RECEBIDA | REQUEST | processo=4
2026-06-25 12:17:39.106 | ENVIADA  | GRANT   | processo=3
2026-06-25 12:17:39.606 | RECEBIDA | RELEASE | processo=3
2026-06-25 12:17:39.606 | RECEBIDA | REQUEST | processo=3
2026-06-25 12:17:39.607 | ENVIADA  | GRANT   | processo=2
2026-06-25 12:17:40.107 | RECEBIDA | RELEASE | processo=2
2026-06-25 12:17:40.107 | RECEBIDA | REQUEST | processo=2
2026-06-25 12:17:40.107 | ENVIADA  | GRANT   | processo=13
2026-06-25 12:17:40.607 | RECEBIDA | RELEASE | processo=13
2026-06-25 12:17:40.607 | RECEBIDA | REQUEST | processo=13
2026-06-25 12:17:40.607 | ENVIADA  | GRANT   | processo=9
2026-06-25 12:17:41.107 | RECEBIDA | RELEASE | processo=9
2026-06-25 12:17:41.108 | RECEBIDA | REQUEST | processo=9
2026-06-25 12:17:41.108 | ENVIADA  | GRANT   | processo=5
2026-06-25 12:17:41.608 | RECEBIDA | RELEASE | processo=5
2026-06-25 12:17:41.608 | RECEBIDA | REQUEST | processo=5
2026-06-25 12:17:41.608 | ENVIADA  | GRANT   | processo=11
2026-06-25 12:17:42.108 | RECEBIDA | RELEASE | processo=11
2026-06-25 12:17:42.108 | RECEBIDA | REQUEST | processo=11
2026-06-25 12:17:42.108 | ENVIADA  | GRANT   | processo=8
2026-06-25 12:17:42.609 | RECEBIDA | RELEASE | processo=8
2026-06-25 12:17:42.609 | RECEBIDA | REQUEST | processo=8
2026-06-25 12:17:42.609 | ENVIADA  | GRANT   | processo=7
2026-06-25 12:17:43.109 | RECEBIDA | RELEASE | processo=7
2026-06-25 12:17:43.109 | RECEBIDA | REQUEST | processo=7
2026-06-25 12:17:43.109 | ENVIADA  | GRANT   | processo=10
2026-06-25 12:17:43.609 | RECEBIDA | RELEASE | processo=10
2026-06-25 12:17:43.610 | RECEBIDA | REQUEST | processo=10
2026-06-25 12:17:43.610 | ENVIADA  | GRANT   | processo=17
2026-06-25 12:17:44.110 | RECEBIDA | RELEASE | processo=17
2026-06-25 12:17:44.110 | RECEBIDA | REQUEST | processo=17
2026-06-25 12:17:44.110 | ENVIADA  | GRANT   | processo=14
2026-06-25 12:17:44.610 | RECEBIDA | RELEASE | processo=14
2026-06-25 12:17:44.610 | RECEBIDA | REQUEST | processo=14
2026-06-25 12:17:44.610 | ENVIADA  | GRANT   | processo=19
2026-06-25 12:17:45.111 | RECEBIDA | RELEASE | processo=19
2026-06-25 12:17:45.111 | RECEBIDA | REQUEST | processo=19
2026-06-25 12:17:45.111 | ENVIADA  | GRANT   | processo=18
2026-06-25 12:17:45.611 | RECEBIDA | RELEASE | processo=18
2026-06-25 12:17:45.611 | RECEBIDA | REQUEST | processo=18
2026-06-25 12:17:45.611 | ENVIADA  | GRANT   | processo=12
2026-06-25 12:17:46.111 | RECEBIDA | RELEASE | processo=12
2026-06-25 12:17:46.111 | RECEBIDA | REQUEST | processo=12
2026-06-25 12:17:46.111 | ENVIADA  | GRANT   | processo=20
2026-06-25 12:17:46.612 | RECEBIDA | RELEASE | processo=20
2026-06-25 12:17:46.612 | RECEBIDA | REQUEST | processo=20
2026-06-25 12:17:46.612 | ENVIADA  | GRANT   | processo=6
2026-06-25 12:17:47.112 | RECEBIDA | RELEASE | processo=6
2026-06-25 12:17:47.112 | RECEBIDA | REQUEST | processo=6
2026-06-25 12:17:47.112 | ENVIADA  | GRANT   | processo=15
2026-06-25 12:17:47.612 | RECEBIDA | RELEASE | processo=15
2026-06-25 12:17:47.612 | RECEBIDA | REQUEST | processo=15
2026-06-25 12:17:47.613 | ENVIADA  | GRANT   | processo=16
2026-06-25 12:17:48.113 | RECEBIDA | RELEASE | processo=16
2026-06-25 12:17:48.113 | RECEBIDA | REQUEST | processo=16
2026-06-25 12:17:48.113 | ENVIADA  | GRANT   | processo=1
2026-06-25 12:17:48.613 | RECEBIDA | RELEASE | processo=1
2026-06-25 12:17:48.613 | RECEBIDA | REQUEST | processo=1
2026-06-25 12:17:48.613 | ENVIADA  | GRANT   | processo=4
2026-06-25 12:17:49.114 | RECEBIDA | RELEASE | processo=4
2026-06-25 12:17:49.114 | RECEBIDA | REQUEST | processo=4
2026-06-25 12:17:49.114 | ENVIADA  | GRANT   | processo=3
2026-06-25 12:17:49.614 | RECEBIDA | RELEASE | processo=3
2026-06-25 12:17:49.614 | RECEBIDA | REQUEST | processo=3
2026-06-25 12:17:49.614 | ENVIADA  | GRANT   | processo=2
2026-06-25 12:17:50.114 | RECEBIDA | RELEASE | processo=2
2026-06-25 12:17:50.114 | RECEBIDA | REQUEST | processo=2
2026-06-25 12:17:50.114 | ENVIADA  | GRANT   | processo=13
2026-06-25 12:17:50.615 | RECEBIDA | RELEASE | processo=13
2026-06-25 12:17:50.615 | RECEBIDA | REQUEST | processo=13
2026-06-25 12:17:50.615 | ENVIADA  | GRANT   | processo=9
2026-06-25 12:17:51.115 | RECEBIDA | RELEASE | processo=9
2026-06-25 12:17:51.115 | RECEBIDA | REQUEST | processo=9
2026-06-25 12:17:51.115 | ENVIADA  | GRANT   | processo=5
2026-06-25 12:17:51.615 | RECEBIDA | RELEASE | processo=5
2026-06-25 12:17:51.616 | RECEBIDA | REQUEST | processo=5
2026-06-25 12:17:51.616 | ENVIADA  | GRANT   | processo=11
2026-06-25 12:17:52.116 | RECEBIDA | RELEASE | processo=11
2026-06-25 12:17:52.116 | RECEBIDA | REQUEST | processo=11
2026-06-25 12:17:52.116 | ENVIADA  | GRANT   | processo=8
2026-06-25 12:17:52.616 | RECEBIDA | RELEASE | processo=8
2026-06-25 12:17:52.616 | RECEBIDA | REQUEST | processo=8
2026-06-25 12:17:52.616 | ENVIADA  | GRANT   | processo=7
2026-06-25 12:17:53.117 | RECEBIDA | RELEASE | processo=7
2026-06-25 12:17:53.117 | RECEBIDA | REQUEST | processo=7
2026-06-25 12:17:53.117 | ENVIADA  | GRANT   | processo=10
2026-06-25 12:17:53.617 | RECEBIDA | RELEASE | processo=10
2026-06-25 12:17:53.617 | RECEBIDA | REQUEST | processo=10
2026-06-25 12:17:53.617 | ENVIADA  | GRANT   | processo=17
2026-06-25 12:17:54.117 | RECEBIDA | RELEASE | processo=17
2026-06-25 12:17:54.117 | RECEBIDA | REQUEST | processo=17
2026-06-25 12:17:54.117 | ENVIADA  | GRANT   | processo=14
2026-06-25 12:17:54.618 | RECEBIDA | RELEASE | processo=14
2026-06-25 12:17:54.618 | RECEBIDA | REQUEST | processo=14
2026-06-25 12:17:54.618 | ENVIADA  | GRANT   | processo=19
2026-06-25 12:17:55.118 | RECEBIDA | RELEASE | processo=19
2026-06-25 12:17:55.118 | RECEBIDA | REQUEST | processo=19
2026-06-25 12:17:55.118 | ENVIADA  | GRANT   | processo=18
2026-06-25 12:17:55.618 | RECEBIDA | RELEASE | processo=18
2026-06-25 12:17:55.618 | RECEBIDA | REQUEST | processo=18
2026-06-25 12:17:55.618 | ENVIADA  | GRANT   | processo=12
2026-06-25 12:17:56.119 | RECEBIDA | RELEASE | processo=12
2026-06-25 12:17:56.119 | RECEBIDA | REQUEST | processo=12
2026-06-25 12:17:56.119 | ENVIADA  | GRANT   | processo=20
2026-06-25 12:17:56.619 | RECEBIDA | RELEASE | processo=20
2026-06-25 12:17:56.619 | RECEBIDA | REQUEST | processo=20
2026-06-25 12:17:56.619 | ENVIADA  | GRANT   | processo=6
2026-06-25 12:17:57.119 | RECEBIDA | RELEASE | processo=6
2026-06-25 12:17:57.120 | RECEBIDA | REQUEST | processo=6
2026-06-25 12:17:57.120 | ENVIADA  | GRANT   | processo=15
2026-06-25 12:17:57.620 | RECEBIDA | RELEASE | processo=15
2026-06-25 12:17:57.620 | RECEBIDA | REQUEST | processo=15
2026-06-25 12:17:57.620 | ENVIADA  | GRANT   | processo=16
2026-06-25 12:17:58.120 | RECEBIDA | RELEASE | processo=16
2026-06-25 12:17:58.120 | RECEBIDA | REQUEST | processo=16
2026-06-25 12:17:58.120 | ENVIADA  | GRANT   | processo=1
2026-06-25 12:17:58.620 | RECEBIDA | RELEASE | processo=1
2026-06-25 12:17:58.621 | RECEBIDA | REQUEST | processo=1
2026-06-25 12:17:58.621 | ENVIADA  | GRANT   | processo=4
2026-06-25 12:17:59.121 | RECEBIDA | RELEASE | processo=4
2026-06-25 12:17:59.121 | RECEBIDA | REQUEST | processo=4
2026-06-25 12:17:59.121 | ENVIADA  | GRANT   | processo=3
2026-06-25 12:17:59.621 | RECEBIDA | RELEASE | processo=3
2026-06-25 12:17:59.621 | RECEBIDA | REQUEST | processo=3
2026-06-25 12:17:59.621 | ENVIADA  | GRANT   | processo=2
2026-06-25 12:18:00.122 | RECEBIDA | RELEASE | processo=2
2026-06-25 12:18:00.122 | RECEBIDA | REQUEST | processo=2
2026-06-25 12:18:00.122 | ENVIADA  | GRANT   | processo=13
2026-06-25 12:18:00.622 | RECEBIDA | RELEASE | processo=13
2026-06-25 12:18:00.622 | RECEBIDA | REQUEST | processo=13
2026-06-25 12:18:00.622 | ENVIADA  | GRANT   | processo=9
2026-06-25 12:18:01.123 | RECEBIDA | RELEASE | processo=9
2026-06-25 12:18:01.123 | RECEBIDA | REQUEST | processo=9
2026-06-25 12:18:01.123 | ENVIADA  | GRANT   | processo=5
2026-06-25 12:18:01.623 | RECEBIDA | RELEASE | processo=5
2026-06-25 12:18:01.623 | RECEBIDA | REQUEST | processo=5
2026-06-25 12:18:01.623 | ENVIADA  | GRANT   | processo=11
2026-06-25 12:18:02.123 | RECEBIDA | RELEASE | processo=11
2026-06-25 12:18:02.124 | RECEBIDA | REQUEST | processo=11
2026-06-25 12:18:02.124 | ENVIADA  | GRANT   | processo=8
2026-06-25 12:18:02.624 | RECEBIDA | RELEASE | processo=8
2026-06-25 12:18:02.624 | RECEBIDA | REQUEST | processo=8
2026-06-25 12:18:02.624 | ENVIADA  | GRANT   | processo=7
2026-06-25 12:18:03.124 | RECEBIDA | RELEASE | processo=7
2026-06-25 12:18:03.124 | RECEBIDA | REQUEST | processo=7
2026-06-25 12:18:03.124 | ENVIADA  | GRANT   | processo=10
2026-06-25 12:18:03.625 | RECEBIDA | RELEASE | processo=10
2026-06-25 12:18:03.625 | RECEBIDA | REQUEST | processo=10
2026-06-25 12:18:03.625 | ENVIADA  | GRANT   | processo=17
2026-06-25 12:18:04.125 | RECEBIDA | RELEASE | processo=17
2026-06-25 12:18:04.125 | RECEBIDA | REQUEST | processo=17
2026-06-25 12:18:04.125 | ENVIADA  | GRANT   | processo=14
2026-06-25 12:18:04.625 | RECEBIDA | RELEASE | processo=14
2026-06-25 12:18:04.625 | RECEBIDA | REQUEST | processo=14
2026-06-25 12:18:04.625 | ENVIADA  | GRANT   | processo=19
2026-06-25 12:18:05.126 | RECEBIDA | RELEASE | processo=19
2026-06-25 12:18:05.126 | RECEBIDA | REQUEST | processo=19
2026-06-25 12:18:05.126 | ENVIADA  | GRANT   | processo=18
2026-06-25 12:18:05.626 | RECEBIDA | RELEASE | processo=18
2026-06-25 12:18:05.626 | RECEBIDA | REQUEST | processo=18
2026-06-25 12:18:05.626 | ENVIADA  | GRANT   | processo=12
2026-06-25 12:18:06.126 | RECEBIDA | RELEASE | processo=12
2026-06-25 12:18:06.126 | RECEBIDA | REQUEST | processo=12
2026-06-25 12:18:06.126 | ENVIADA  | GRANT   | processo=20
2026-06-25 12:18:06.627 | RECEBIDA | RELEASE | processo=20
2026-06-25 12:18:06.627 | RECEBIDA | REQUEST | processo=20
2026-06-25 12:18:06.627 | ENVIADA  | GRANT   | processo=6
2026-06-25 12:18:07.127 | RECEBIDA | RELEASE | processo=6
2026-06-25 12:18:07.127 | RECEBIDA | REQUEST | processo=6
2026-06-25 12:18:07.127 | ENVIADA  | GRANT   | processo=15
2026-06-25 12:18:07.627 | RECEBIDA | RELEASE | processo=15
2026-06-25 12:18:07.627 | RECEBIDA | REQUEST | processo=15
2026-06-25 12:18:07.628 | ENVIADA  | GRANT   | processo=16
2026-06-25 12:18:08.128 | RECEBIDA | RELEASE | processo=16
2026-06-25 12:18:08.128 | RECEBIDA | REQUEST | processo=16
2026-06-25 12:18:08.128 | ENVIADA  | GRANT   | processo=1
2026-06-25 12:18:08.628 | RECEBIDA | RELEASE | processo=1
2026-06-25 12:18:08.628 | RECEBIDA | REQUEST | processo=1
2026-06-25 12:18:08.628 | ENVIADA  | GRANT   | processo=4
2026-06-25 12:18:09.128 | RECEBIDA | RELEASE | processo=4
2026-06-25 12:18:09.129 | RECEBIDA | REQUEST | processo=4
2026-06-25 12:18:09.129 | ENVIADA  | GRANT   | processo=3
2026-06-25 12:18:09.629 | RECEBIDA | RELEASE | processo=3
2026-06-25 12:18:09.629 | RECEBIDA | REQUEST | processo=3
2026-06-25 12:18:09.629 | ENVIADA  | GRANT   | processo=2
2026-06-25 12:18:10.129 | RECEBIDA | RELEASE | processo=2
2026-06-25 12:18:10.129 | RECEBIDA | REQUEST | processo=2
2026-06-25 12:18:10.129 | ENVIADA  | GRANT   | processo=13
2026-06-25 12:18:10.630 | RECEBIDA | RELEASE | processo=13
2026-06-25 12:18:10.630 | RECEBIDA | REQUEST | processo=13
2026-06-25 12:18:10.630 | ENVIADA  | GRANT   | processo=9
2026-06-25 12:18:11.130 | RECEBIDA | RELEASE | processo=9
2026-06-25 12:18:11.130 | RECEBIDA | REQUEST | processo=9
2026-06-25 12:18:11.130 | ENVIADA  | GRANT   | processo=5
2026-06-25 12:18:11.630 | RECEBIDA | RELEASE | processo=5
2026-06-25 12:18:11.630 | RECEBIDA | REQUEST | processo=5
2026-06-25 12:18:11.631 | ENVIADA  | GRANT   | processo=11
2026-06-25 12:18:12.131 | RECEBIDA | RELEASE | processo=11
2026-06-25 12:18:12.131 | RECEBIDA | REQUEST | processo=11
2026-06-25 12:18:12.131 | ENVIADA  | GRANT   | processo=8
2026-06-25 12:18:12.631 | RECEBIDA | RELEASE | processo=8
2026-06-25 12:18:12.631 | RECEBIDA | REQUEST | processo=8
2026-06-25 12:18:12.631 | ENVIADA  | GRANT   | processo=7
2026-06-25 12:18:13.132 | RECEBIDA | RELEASE | processo=7
2026-06-25 12:18:13.132 | RECEBIDA | REQUEST | processo=7
2026-06-25 12:18:13.132 | ENVIADA  | GRANT   | processo=10
2026-06-25 12:18:13.632 | RECEBIDA | RELEASE | processo=10
2026-06-25 12:18:13.632 | RECEBIDA | REQUEST | processo=10
2026-06-25 12:18:13.632 | ENVIADA  | GRANT   | processo=17
2026-06-25 12:18:14.132 | RECEBIDA | RELEASE | processo=17
2026-06-25 12:18:14.132 | RECEBIDA | REQUEST | processo=17
2026-06-25 12:18:14.132 | ENVIADA  | GRANT   | processo=14
2026-06-25 12:18:14.633 | RECEBIDA | RELEASE | processo=14
2026-06-25 12:18:14.633 | RECEBIDA | REQUEST | processo=14
2026-06-25 12:18:14.633 | ENVIADA  | GRANT   | processo=19
2026-06-25 12:18:15.133 | RECEBIDA | RELEASE | processo=19
2026-06-25 12:18:15.133 | RECEBIDA | REQUEST | processo=19
2026-06-25 12:18:15.133 | ENVIADA  | GRANT   | processo=18
2026-06-25 12:18:15.633 | RECEBIDA | RELEASE | processo=18
2026-06-25 12:18:15.633 | RECEBIDA | REQUEST | processo=18
2026-06-25 12:18:15.633 | ENVIADA  | GRANT   | processo=12
2026-06-25 12:18:16.134 | RECEBIDA | RELEASE | processo=12
2026-06-25 12:18:16.134 | RECEBIDA | REQUEST | processo=12
2026-06-25 12:18:16.134 | ENVIADA  | GRANT   | processo=20
2026-06-25 12:18:16.634 | RECEBIDA | RELEASE | processo=20
2026-06-25 12:18:16.634 | RECEBIDA | REQUEST | processo=20
2026-06-25 12:18:16.634 | ENVIADA  | GRANT   | processo=6
2026-06-25 12:18:17.134 | RECEBIDA | RELEASE | processo=6
2026-06-25 12:18:17.134 | RECEBIDA | REQUEST | processo=6
2026-06-25 12:18:17.135 | ENVIADA  | GRANT   | processo=15
2026-06-25 12:18:17.635 | RECEBIDA | RELEASE | processo=15
2026-06-25 12:18:17.635 | RECEBIDA | REQUEST | processo=15
2026-06-25 12:18:17.635 | ENVIADA  | GRANT   | processo=16
2026-06-25 12:18:18.135 | RECEBIDA | RELEASE | processo=16
2026-06-25 12:18:18.135 | RECEBIDA | REQUEST | processo=16
2026-06-25 12:18:18.135 | ENVIADA  | GRANT   | processo=1
2026-06-25 12:18:18.635 | RECEBIDA | RELEASE | processo=1
2026-06-25 12:18:18.636 | RECEBIDA | REQUEST | processo=1
2026-06-25 12:18:18.636 | ENVIADA  | GRANT   | processo=4
2026-06-25 12:18:19.136 | RECEBIDA | RELEASE | processo=4
2026-06-25 12:18:19.136 | RECEBIDA | REQUEST | processo=4
2026-06-25 12:18:19.136 | ENVIADA  | GRANT   | processo=3
2026-06-25 12:18:19.636 | RECEBIDA | RELEASE | processo=3
2026-06-25 12:18:19.636 | RECEBIDA | REQUEST | processo=3
2026-06-25 12:18:19.636 | ENVIADA  | GRANT   | processo=2
2026-06-25 12:18:20.137 | RECEBIDA | RELEASE | processo=2
2026-06-25 12:18:20.137 | RECEBIDA | REQUEST | processo=2
2026-06-25 12:18:20.137 | ENVIADA  | GRANT   | processo=13
2026-06-25 12:18:20.637 | RECEBIDA | RELEASE | processo=13
2026-06-25 12:18:20.637 | RECEBIDA | REQUEST | processo=13
2026-06-25 12:18:20.637 | ENVIADA  | GRANT   | processo=9
2026-06-25 12:18:21.137 | RECEBIDA | RELEASE | processo=9
2026-06-25 12:18:21.137 | RECEBIDA | REQUEST | processo=9
2026-06-25 12:18:21.137 | ENVIADA  | GRANT   | processo=5
2026-06-25 12:18:21.638 | RECEBIDA | RELEASE | processo=5
2026-06-25 12:18:21.638 | RECEBIDA | REQUEST | processo=5
2026-06-25 12:18:21.638 | ENVIADA  | GRANT   | processo=11
2026-06-25 12:18:22.138 | RECEBIDA | RELEASE | processo=11
2026-06-25 12:18:22.138 | RECEBIDA | REQUEST | processo=11
2026-06-25 12:18:22.138 | ENVIADA  | GRANT   | processo=8
2026-06-25 12:18:22.638 | RECEBIDA | RELEASE | processo=8
2026-06-25 12:18:22.639 | RECEBIDA | REQUEST | processo=8
2026-06-25 12:18:22.639 | ENVIADA  | GRANT   | processo=7
2026-06-25 12:18:23.139 | RECEBIDA | RELEASE | processo=7
2026-06-25 12:18:23.139 | RECEBIDA | REQUEST | processo=7
2026-06-25 12:18:23.139 | ENVIADA  | GRANT   | processo=10
2026-06-25 12:18:23.639 | RECEBIDA | RELEASE | processo=10
2026-06-25 12:18:23.639 | RECEBIDA | REQUEST | processo=10
2026-06-25 12:18:23.639 | ENVIADA  | GRANT   | processo=17
2026-06-25 12:18:24.140 | RECEBIDA | RELEASE | processo=17
2026-06-25 12:18:24.140 | RECEBIDA | REQUEST | processo=17
2026-06-25 12:18:24.140 | ENVIADA  | GRANT   | processo=14
2026-06-25 12:18:24.640 | RECEBIDA | RELEASE | processo=14
2026-06-25 12:18:24.640 | RECEBIDA | REQUEST | processo=14
2026-06-25 12:18:24.640 | ENVIADA  | GRANT   | processo=19
2026-06-25 12:18:25.140 | RECEBIDA | RELEASE | processo=19
2026-06-25 12:18:25.141 | RECEBIDA | REQUEST | processo=19
2026-06-25 12:18:25.141 | ENVIADA  | GRANT   | processo=18
2026-06-25 12:18:25.641 | RECEBIDA | RELEASE | processo=18
2026-06-25 12:18:25.641 | RECEBIDA | REQUEST | processo=18
2026-06-25 12:18:25.641 | ENVIADA  | GRANT   | processo=12
2026-06-25 12:18:26.141 | RECEBIDA | RELEASE | processo=12
2026-06-25 12:18:26.141 | RECEBIDA | REQUEST | processo=12
2026-06-25 12:18:26.141 | ENVIADA  | GRANT   | processo=20
2026-06-25 12:18:26.642 | RECEBIDA | RELEASE | processo=20
2026-06-25 12:18:26.642 | RECEBIDA | REQUEST | processo=20
2026-06-25 12:18:26.642 | ENVIADA  | GRANT   | processo=6
2026-06-25 12:18:27.142 | RECEBIDA | RELEASE | processo=6
2026-06-25 12:18:27.142 | RECEBIDA | REQUEST | processo=6
2026-06-25 12:18:27.142 | ENVIADA  | GRANT   | processo=15
2026-06-25 12:18:27.642 | RECEBIDA | RELEASE | processo=15
2026-06-25 12:18:27.642 | RECEBIDA | REQUEST | processo=15
2026-06-25 12:18:27.642 | ENVIADA  | GRANT   | processo=16
2026-06-25 12:18:28.143 | RECEBIDA | RELEASE | processo=16
2026-06-25 12:18:28.143 | RECEBIDA | REQUEST | processo=16
2026-06-25 12:18:28.143 | ENVIADA  | GRANT   | processo=1
2026-06-25 12:18:28.643 | RECEBIDA | RELEASE | processo=1
2026-06-25 12:18:28.643 | ENVIADA  | GRANT   | processo=4
2026-06-25 12:18:29.144 | RECEBIDA | RELEASE | processo=4
2026-06-25 12:18:29.144 | ENVIADA  | GRANT   | processo=3
2026-06-25 12:18:29.644 | RECEBIDA | RELEASE | processo=3
2026-06-25 12:18:29.644 | ENVIADA  | GRANT   | processo=2
2026-06-25 12:18:30.144 | RECEBIDA | RELEASE | processo=2
2026-06-25 12:18:30.144 | ENVIADA  | GRANT   | processo=13
2026-06-25 12:18:30.645 | RECEBIDA | RELEASE | processo=13
2026-06-25 12:18:30.645 | ENVIADA  | GRANT   | processo=9
2026-06-25 12:18:31.145 | RECEBIDA | RELEASE | processo=9
2026-06-25 12:18:31.145 | ENVIADA  | GRANT   | processo=5
2026-06-25 12:18:31.645 | RECEBIDA | RELEASE | processo=5
2026-06-25 12:18:31.646 | ENVIADA  | GRANT   | processo=11
2026-06-25 12:18:32.146 | RECEBIDA | RELEASE | processo=11
2026-06-25 12:18:32.146 | ENVIADA  | GRANT   | processo=8
2026-06-25 12:18:32.646 | RECEBIDA | RELEASE | processo=8
2026-06-25 12:18:32.646 | ENVIADA  | GRANT   | processo=7
2026-06-25 12:18:33.147 | RECEBIDA | RELEASE | processo=7
2026-06-25 12:18:33.147 | ENVIADA  | GRANT   | processo=10
2026-06-25 12:18:33.647 | RECEBIDA | RELEASE | processo=10
2026-06-25 12:18:33.647 | ENVIADA  | GRANT   | processo=17
2026-06-25 12:18:34.147 | RECEBIDA | RELEASE | processo=17
2026-06-25 12:18:34.147 | ENVIADA  | GRANT   | processo=14
2026-06-25 12:18:34.648 | RECEBIDA | RELEASE | processo=14
2026-06-25 12:18:34.648 | ENVIADA  | GRANT   | processo=19
2026-06-25 12:18:35.148 | RECEBIDA | RELEASE | processo=19
2026-06-25 12:18:35.148 | ENVIADA  | GRANT   | processo=18
2026-06-25 12:18:35.648 | RECEBIDA | RELEASE | processo=18
2026-06-25 12:18:35.648 | ENVIADA  | GRANT   | processo=12
2026-06-25 12:18:36.149 | RECEBIDA | RELEASE | processo=12
2026-06-25 12:18:36.149 | ENVIADA  | GRANT   | processo=20
2026-06-25 12:18:36.649 | RECEBIDA | RELEASE | processo=20
2026-06-25 12:18:36.649 | ENVIADA  | GRANT   | processo=6
2026-06-25 12:18:37.149 | RECEBIDA | RELEASE | processo=6
2026-06-25 12:18:37.150 | ENVIADA  | GRANT   | processo=15
2026-06-25 12:18:37.650 | RECEBIDA | RELEASE | processo=15
2026-06-25 12:18:37.650 | ENVIADA  | GRANT   | processo=16
2026-06-25 12:18:38.150 | RECEBIDA | RELEASE | processo=16
